current directory: /home/runner/work/R-GIS/R-GIS/.vendor/bundle/ruby/2.7.0/gems/racc-1.6.2/ext/racc/cparse
/opt/hostedtoolcache/Ruby/2.7.8/x64/bin/ruby -I /opt/hostedtoolcache/Ruby/2.7.8/x64/lib/ruby/2.7.0 -r ./siteconf20230421-10858-16knwjd.rb extconf.rb
checking for rb_block_call()... yes
checking for rb_ary_subseq()... yes
creating Makefile

current directory: /home/runner/work/R-GIS/R-GIS/.vendor/bundle/ruby/2.7.0/gems/racc-1.6.2/ext/racc/cparse
make "DESTDIR=" clean
make[1]: Entering directory '/home/runner/work/R-GIS/R-GIS/.vendor/bundle/ruby/2.7.0/gems/racc-1.6.2/ext/racc/cparse'
Makefile:176: warning: overriding recipe for target 'clean'
 ÷ÿiuU:176: warning: ignoring old recipe for target 'clean'
Makefile:183: warning: overriding recipe for target 'distclean'
 ÷ÿiuU:183: warning: ignoring old recipe for target 'distclean'
Makefile:191: warning: overriding recipe for target 'install-so'
 ÷ÿiuU:191: warning: ignoring old recipe for target 'install-so'
Makefile:201: warning: overriding recipe for target 'pre-install-rb-default'
 ÷ÿiuU:201: warning: ignoring old recipe for target 'pre-install-rb-default'
Makefile:203: warning: overriding recipe for target '.sitearchdir.-.racc.time'
 ÷ÿiuU:203: warning: ignoring old recipe for target '.sitearchdir.-.racc.time'
Makefile:213: warning: overriding recipe for target '.cc.o'
 ÷ÿiuU:213: warning: ignoring old recipe for target '.cc.o'
Makefile:217: warning: overriding recipe for target '.cc.S'
 ÷ÿiuU:217: warning: ignoring old recipe for target '.cc.S'
Makefile:221: warning: overriding recipe for target '.mm.o'
 ÷ÿiuU:221: warning: ignoring old recipe for target '.mm.o'
Makefile:225: warning: overriding recipe for target '.mm.S'
 ÷ÿiuU:225: warning: ignoring old recipe for target '.mm.S'
Makefile:229: warning: overriding recipe for target '.cxx.o'
 ÷ÿiuU:229: warning: ignoring old recipe for target '.cxx.o'
Makefile:233: warning: overriding recipe for target '.cxx.S'
 ÷ÿiuU:233: warning: ignoring old recipe for target '.cxx.S'
Makefile:237: warning: overriding recipe for target '.cpp.o'
 ÷ÿiuU:237: warning: ignoring old recipe for target '.cpp.o'
Makefile:241: warning: overriding recipe for target '.cpp.S'
 ÷ÿiuU:241: warning: ignoring old recipe for target '.cpp.S'
Makefile:245: warning: overriding recipe for target '.c.o'
 ÷ÿiuU:245: warning: ignoring old recipe for target '.c.o'
Makefile:249: warning: overriding recipe for target '.c.S'
 ÷ÿiuU:249: warning: ignoring old recipe for target '.c.S'
Makefile:253: warning: overriding recipe for target '.m.o'
 ÷ÿiuU:253: warning: ignoring old recipe for target '.m.o'
Makefile:257: warning: overriding recipe for target '.m.S'
 ÷ÿiuU:257: warning: ignoring old recipe for target '.m.S'
Makefile:261: warning: overriding recipe for target 'cparse.so'
 ÷ÿiuU:261: warning: ignoring old recipe for target 'cparse.so'
make[1]: Leaving directory '/home/runner/work/R-GIS/R-GIS/.vendor/bundle/ruby/2.7.0/gems/racc-1.6.2/ext/racc/cparse'

current directory: /home/runner/work/R-GIS/R-GIS/.vendor/bundle/ruby/2.7.0/gems/racc-1.6.2/ext/racc/cparse
make "DESTDIR="
make[1]: Entering directory '/home/runner/work/R-GIS/R-GIS/.vendor/bundle/ruby/2.7.0/gems/racc-1.6.2/ext/racc/cparse'
Makefile:176: warning: overriding recipe for target 'clean'
 ‡ÖXU:176: warning: ignoring old recipe for target 'clean'
Makefile:183: warning: overriding recipe for target 'distclean'
 ‡ÖXU:183: warning: ignoring old recipe for target 'distclean'
Makefile:191: warning: overriding recipe for target 'install-so'
 ‡ÖXU:191: warning: ignoring old recipe for target 'install-so'
Makefile:201: warning: overriding recipe for target 'pre-install-rb-default'
 ‡ÖXU:201: warning: ignoring old recipe for target 'pre-install-rb-default'
Makefile:203: warning: overriding recipe for target '.sitearchdir.-.racc.time'
 ‡ÖXU:203: warning: ignoring old recipe for target '.sitearchdir.-.racc.time'
Makefile:213: warning: overriding recipe for target '.cc.o'
 ‡ÖXU:213: warning: ignoring old recipe for target '.cc.o'
Makefile:217: warning: overriding recipe for target '.cc.S'
 ‡ÖXU:217: warning: ignoring old recipe for target '.cc.S'
Makefile:221: warning: overriding recipe for target '.mm.o'
 ‡ÖXU:221: warning: ignoring old recipe for target '.mm.o'
Makefile:225: warning: overriding recipe for target '.mm.S'
 ‡ÖXU:225: warning: ignoring old recipe for target '.mm.S'
Makefile:229: warning: overriding recipe for target '.cxx.o'
 ‡ÖXU:229: warning: ignoring old recipe for target '.cxx.o'
Makefile:233: warning: overriding recipe for target '.cxx.S'
 ‡ÖXU:233: warning: ignoring old recipe for target '.cxx.S'
Makefile:237: warning: overriding recipe for target '.cpp.o'
 ‡ÖXU:237: warning: ignoring old recipe for target '.cpp.o'
Makefile:241: warning: overriding recipe for target '.cpp.S'
 ‡ÖXU:241: warning: ignoring old recipe for target '.cpp.S'
Makefile:245: warning: overriding recipe for target '.c.o'
 ‡ÖXU:245: warning: ignoring old recipe for target '.c.o'
Makefile:249: warning: overriding recipe for target '.c.S'
 ‡ÖXU:249: warning: ignoring old recipe for target '.c.S'
Makefile:253: warning: overriding recipe for target '.m.o'
 ‡ÖXU:253: warning: ignoring old recipe for target '.m.o'
Makefile:257: warning: overriding recipe for target '.m.S'
 ‡ÖXU:257: warning: ignoring old recipe for target '.m.S'
Makefile:261: warning: overriding recipe for target 'cparse.so'
 ‡ÖXU:261: warning: ignoring old recipe for target 'cparse.so'
compiling cparse.c
linking shared-object racc/cparse.so
make[1]: Leaving directory '/home/runner/work/R-GIS/R-GIS/.vendor/bundle/ruby/2.7.0/gems/racc-1.6.2/ext/racc/cparse'

current directory: /home/runner/work/R-GIS/R-GIS/.vendor/bundle/ruby/2.7.0/gems/racc-1.6.2/ext/racc/cparse
make "DESTDIR=" install
make[1]: Entering directory '/home/runner/work/R-GIS/R-GIS/.vendor/bundle/ruby/2.7.0/gems/racc-1.6.2/ext/racc/cparse'
Makefile:176: warning: overriding recipe for target 'clean'
 §Ü«nU:176: warning: ignoring old recipe for target 'clean'
Makefile:183: warning: overriding recipe for target 'distclean'
 §Ü«nU:183: warning: ignoring old recipe for target 'distclean'
Makefile:191: warning: overriding recipe for target 'install-so'
 §Ü«nU:191: warning: ignoring old recipe for target 'install-so'
Makefile:201: warning: overriding recipe for target 'pre-install-rb-default'
 §Ü«nU:201: warning: ignoring old recipe for target 'pre-install-rb-default'
Makefile:203: warning: overriding recipe for target '.sitearchdir.-.racc.time'
 §Ü«nU:203: warning: ignoring old recipe for target '.sitearchdir.-.racc.time'
Makefile:213: warning: overriding recipe for target '.cc.o'
 §Ü«nU:213: warning: ignoring old recipe for target '.cc.o'
Makefile:217: warning: overriding recipe for target '.cc.S'
 §Ü«nU:217: warning: ignoring old recipe for target '.cc.S'
Makefile:221: warning: overriding recipe for target '.mm.o'
 §Ü«nU:221: warning: ignoring old recipe for target '.mm.o'
Makefile:225: warning: overriding recipe for target '.mm.S'
 §Ü«nU:225: warning: ignoring old recipe for target '.mm.S'
Makefile:229: warning: overriding recipe for target '.cxx.o'
 §Ü«nU:229: warning: ignoring old recipe for target '.cxx.o'
Makefile:233: warning: overriding recipe for target '.cxx.S'
 §Ü«nU:233: warning: ignoring old recipe for target '.cxx.S'
Makefile:237: warning: overriding recipe for target '.cpp.o'
 §Ü«nU:237: warning: ignoring old recipe for target '.cpp.o'
Makefile:241: warning: overriding recipe for target '.cpp.S'
 §Ü«nU:241: warning: ignoring old recipe for target '.cpp.S'
Makefile:245: warning: overriding recipe for target '.c.o'
 §Ü«nU:245: warning: ignoring old recipe for target '.c.o'
Makefile:249: warning: overriding recipe for target '.c.S'
 §Ü«nU:249: warning: ignoring old recipe for target '.c.S'
Makefile:253: warning: overriding recipe for target '.m.o'
 §Ü«nU:253: warning: ignoring old recipe for target '.m.o'
Makefile:257: warning: overriding recipe for target '.m.S'
 §Ü«nU:257: warning: ignoring old recipe for target '.m.S'
Makefile:261: warning: overriding recipe for target 'cparse.so'
 §Ü«nU:261: warning: ignoring old recipe for target 'cparse.so'
/usr/bin/install -c -m 0755 cparse.so ./.gem.20230421-10858-rd1k2/racc
make[1]: Leaving directory '/home/runner/work/R-GIS/R-GIS/.vendor/bundle/ruby/2.7.0/gems/racc-1.6.2/ext/racc/cparse'
